# JRE version: OpenJDK Runtime Environment (8.0_242-b01) (build 1.8.0_242-release-1644-b01)
# Java VM: OpenJDK 64-Bit Server VM (25.242-b01 mixed mode windows-amd64 compressed oops)
Heap:
 PSYoungGen      total 338944K, used 90133K [0x00000000d5580000, 0x00000000eba00000, 0x0000000100000000)
  eden space 313344K, 20% used [0x00000000d5580000,0x00000000d948b6e8,0x00000000e8780000)
  from space 25600K, 99% used [0x00000000e8800000,0x00000000ea0fa0e8,0x00000000ea100000)
  to   space 21504K, 0% used [0x00000000ea500000,0x00000000ea500000,0x00000000eba00000)
 ParOldGen       total 500736K, used 62483K [0x0000000080000000, 0x000000009e900000, 0x00000000d5580000)
  object space 500736K, 12% used [0x0000000080000000,0x0000000083d04d10,0x000000009e900000)
 Metaspace       used 87238K, capacity 93966K, committed 94120K, reserved 1130496K
  class space    used 12066K, capacity 13210K, committed 13232K, reserved 1048576K
GC Heap History (10 events):
Event: 5.410 GC heap before
{Heap before GC invocations=8 (full 2):
 PSYoungGen      total 207872K, used 109976K [0x00000000d5580000, 0x00000000e7a80000, 0x0000000100000000)
  eden space 186368K, 47% used [0x00000000d5580000,0x00000000dabea5b8,0x00000000e0b80000)
  from space 21504K, 99% used [0x00000000e0b80000,0x00000000e207bb98,0x00000000e2080000)
  to   space 22016K, 0% used [0x00000000e6500000,0x00000000e6500000,0x00000000e7a80000)
 ParOldGen       total 342016K, used 16111K [0x0000000080000000, 0x0000000094e00000, 0x00000000d5580000)
  object space 342016K, 4% used [0x0000000080000000,0x0000000080fbbf40,0x0000000094e00000)
 Metaspace       used 56953K, capacity 59030K, committed 59160K, reserved 1099776K
  class space    used 7817K, capacity 8296K, committed 8368K, reserved 1048576K
Event: 5.420 GC heap after
Heap after GC invocations=8 (full 2):
 PSYoungGen      total 275456K, used 20827K [0x00000000d5580000, 0x00000000e8400000, 0x0000000100000000)
  eden space 253440K, 0% used [0x00000000d5580000,0x00000000d5580000,0x00000000e4d00000)
  from space 22016K, 94% used [0x00000000e6500000,0x00000000e7956e10,0x00000000e7a80000)
  to   space 24576K, 0% used [0x00000000e4d00000,0x00000000e4d00000,0x00000000e6500000)
 ParOldGen       total 342016K, used 16119K [0x0000000080000000, 0x0000000094e00000, 0x00000000d5580000)
  object space 342016K, 4% used [0x0000000080000000,0x0000000080fbdf40,0x0000000094e00000)
 Metaspace       used 56953K, capacity 59030K, committed 59160K, reserved 1099776K
  class space    used 7817K, capacity 8296K, committed 8368K, reserved 1048576K
}
Event: 5.420 GC heap before
{Heap before GC invocations=9 (full 3):
 PSYoungGen      total 275456K, used 20827K [0x00000000d5580000, 0x00000000e8400000, 0x0000000100000000)
  eden space 253440K, 0% used [0x00000000d5580000,0x00000000d5580000,0x00000000e4d00000)
  from space 22016K, 94% used [0x00000000e6500000,0x00000000e7956e10,0x00000000e7a80000)
  to   space 24576K, 0% used [0x00000000e4d00000,0x00000000e4d00000,0x00000000e6500000)
 ParOldGen       total 342016K, used 16119K [0x0000000080000000, 0x0000000094e00000, 0x00000000d5580000)
  object space 342016K, 4% used [0x0000000080000000,0x0000000080fbdf40,0x0000000094e00000)
 Metaspace       used 56953K, capacity 59030K, committed 59160K, reserved 1099776K
  class space    used 7817K, capacity 8296K, committed 8368K, reserved 1048576K
Event: 5.561 GC heap after
Heap after GC invocations=9 (full 3):
 PSYoungGen      total 275456K, used 0K [0x00000000d5580000, 0x00000000e8400000, 0x0000000100000000)
  eden space 253440K, 0% used [0x00000000d5580000,0x00000000d5580000,0x00000000e4d00000)
  from space 22016K, 0% used [0x00000000e6500000,0x00000000e6500000,0x00000000e7a80000)
  to   space 24576K, 0% used [0x00000000e4d00000,0x00000000e4d00000,0x00000000e6500000)
 ParOldGen       total 500736K, used 32906K [0x0000000080000000, 0x000000009e900000, 0x00000000d5580000)
  object space 500736K, 6% used [0x0000000080000000,0x0000000082022ba8,0x000000009e900000)
 Metaspace       used 56909K, capacity 58880K, committed 59160K, reserved 1099776K
  class space    used 7804K, capacity 8271K, committed 8368K, reserved 1048576K
}
Event: 7.245 GC heap before
{Heap before GC invocations=10 (full 3):
 PSYoungGen      total 275456K, used 253440K [0x00000000d5580000, 0x00000000e8400000, 0x0000000100000000)
  eden space 253440K, 100% used [0x00000000d5580000,0x00000000e4d00000,0x00000000e4d00000)
  from space 22016K, 0% used [0x00000000e6500000,0x00000000e6500000,0x00000000e7a80000)
  to   space 24576K, 0% used [0x00000000e4d00000,0x00000000e4d00000,0x00000000e6500000)
 ParOldGen       total 500736K, used 32906K [0x0000000080000000, 0x000000009e900000, 0x00000000d5580000)
  object space 500736K, 6% used [0x0000000080000000,0x0000000082022ba8,0x000000009e900000)
 Metaspace       used 66310K, capacity 70328K, committed 70568K, reserved 1110016K
  class space    used 9128K, capacity 9881K, committed 9904K, reserved 1048576K
Event: 7.257 GC heap after
Heap after GC invocations=10 (full 3):
 PSYoungGen      total 278016K, used 16591K [0x00000000d5580000, 0x00000000ebc80000, 0x0000000100000000)
  eden space 253440K, 0% used [0x00000000d5580000,0x00000000d5580000,0x00000000e4d00000)
  from space 24576K, 67% used [0x00000000e4d00000,0x00000000e5d33d28,0x00000000e6500000)
  to   space 24064K, 0% used [0x00000000ea500000,0x00000000ea500000,0x00000000ebc80000)
 ParOldGen       total 500736K, used 32914K [0x0000000080000000, 0x000000009e900000, 0x00000000d5580000)
  object space 500736K, 6% used [0x0000000080000000,0x0000000082024ba8,0x000000009e900000)
 Metaspace       used 66310K, capacity 70328K, committed 70568K, reserved 1110016K
  class space    used 9128K, capacity 9881K, committed 9904K, reserved 1048576K
}
Event: 9.279 GC heap before
{Heap before GC invocations=11 (full 3):
 PSYoungGen      total 278016K, used 270031K [0x00000000d5580000, 0x00000000ebc80000, 0x0000000100000000)
  eden space 253440K, 100% used [0x00000000d5580000,0x00000000e4d00000,0x00000000e4d00000)
  from space 24576K, 67% used [0x00000000e4d00000,0x00000000e5d33d28,0x00000000e6500000)
  to   space 24064K, 0% used [0x00000000ea500000,0x00000000ea500000,0x00000000ebc80000)
 ParOldGen       total 500736K, used 32914K [0x0000000080000000, 0x000000009e900000, 0x00000000d5580000)
  object space 500736K, 6% used [0x0000000080000000,0x0000000082024ba8,0x000000009e900000)
 Metaspace       used 71215K, capacity 75338K, committed 75560K, reserved 1114112K
  class space    used 9671K, capacity 10430K, committed 10544K, reserved 1048576K
Event: 9.289 GC heap after
Heap after GC invocations=11 (full 3):
 PSYoungGen      total 334848K, used 21356K [0x00000000d5580000, 0x00000000eba00000, 0x0000000100000000)
  eden space 313344K, 0% used [0x00000000d5580000,0x00000000d5580000,0x00000000e8780000)
  from space 21504K, 99% used [0x00000000ea500000,0x00000000eb9db3f0,0x00000000eba00000)
  to   space 25600K, 0% used [0x00000000e8800000,0x00000000e8800000,0x00000000ea100000)
 ParOldGen       total 500736K, used 32922K [0x0000000080000000, 0x000000009e900000, 0x00000000d5580000)
  object space 500736K, 6% used [0x0000000080000000,0x0000000082026ba8,0x000000009e900000)
 Metaspace       used 71215K, capacity 75338K, committed 75560K, reserved 1114112K
  class space    used 9671K, capacity 10430K, committed 10544K, reserved 1048576K
}
Event: 11.447 GC heap before
{Heap before GC invocations=12 (full 3):
 PSYoungGen      total 334848K, used 334700K [0x00000000d5580000, 0x00000000eba00000, 0x0000000100000000)
  eden space 313344K, 100% used [0x00000000d5580000,0x00000000e8780000,0x00000000e8780000)
  from space 21504K, 99% used [0x00000000ea500000,0x00000000eb9db3f0,0x00000000eba00000)
  to   space 25600K, 0% used [0x00000000e8800000,0x00000000e8800000,0x00000000ea100000)
 ParOldGen       total 500736K, used 32922K [0x0000000080000000, 0x000000009e900000, 0x00000000d5580000)
  object space 500736K, 6% used [0x0000000080000000,0x0000000082026ba8,0x000000009e900000)
 Metaspace       used 87100K, capacity 93894K, committed 94120K, reserved 1130496K
  class space    used 12065K, capacity 13210K, committed 13232K, reserved 1048576K
Event: 11.479 GC heap after
Heap after GC invocations=12 (full 3):
 PSYoungGen      total 338944K, used 25576K [0x00000000d5580000, 0x00000000eba00000, 0x0000000100000000)
  eden space 313344K, 0% used [0x00000000d5580000,0x00000000d5580000,0x00000000e8780000)
  from space 25600K, 99% used [0x00000000e8800000,0x00000000ea0fa0e8,0x00000000ea100000)
  to   space 21504K, 0% used [0x00000000ea500000,0x00000000ea500000,0x00000000eba00000)
 ParOldGen       total 500736K, used 62483K [0x0000000080000000, 0x000000009e900000, 0x00000000d5580000)
  object space 500736K, 12% used [0x0000000080000000,0x0000000083d04d10,0x000000009e900000)
 Metaspace       used 87100K, capacity 93894K, committed 94120K, reserved 1130496K
  class space    used 12065K, capacity 13210K, committed 13232K, reserved 1048576K
}

