# JRE version: OpenJDK Runtime Environment (8.0_242-b01) (build 1.8.0_242-release-1644-b01)
# Java VM: OpenJDK 64-Bit Server VM (25.242-b01 mixed mode windows-amd64 compressed oops)
Heap:
 PSYoungGen      total 152576K, used 27480K [0x00000000e0000000, 0x00000000eaa00000, 0x0000000100000000)
  eden space 131072K, 11% used [0x00000000e0000000,0x00000000e0e2f6e0,0x00000000e8000000)
  from space 21504K, 60% used [0x00000000e8000000,0x00000000e8ca69b0,0x00000000e9500000)
  to   space 21504K, 0% used [0x00000000e9500000,0x00000000e9500000,0x00000000eaa00000)
 ParOldGen       total 201216K, used 8481K [0x00000000a0000000, 0x00000000ac480000, 0x00000000e0000000)
  object space 201216K, 4% used [0x00000000a0000000,0x00000000a0848600,0x00000000ac480000)
 Metaspace       used 31226K, capacity 31768K, committed 32000K, reserved 1079296K
  class space    used 4324K, capacity 4541K, committed 4608K, reserved 1048576K
GC Heap History (8 events):
Event: 1.546 GC heap before
{Heap before GC invocations=1 (full 0):
 PSYoungGen      total 152576K, used 131072K [0x00000000e0000000, 0x00000000eaa00000, 0x0000000100000000)
  eden space 131072K, 100% used [0x00000000e0000000,0x00000000e8000000,0x00000000e8000000)
  from space 21504K, 0% used [0x00000000e9500000,0x00000000e9500000,0x00000000eaa00000)
  to   space 21504K, 0% used [0x00000000e8000000,0x00000000e8000000,0x00000000e9500000)
 ParOldGen       total 348160K, used 0K [0x00000000a0000000, 0x00000000b5400000, 0x00000000e0000000)
  object space 348160K, 0% used [0x00000000a0000000,0x00000000a0000000,0x00000000b5400000)
 Metaspace       used 16554K, capacity 16926K, committed 17152K, reserved 1064960K
  class space    used 2352K, capacity 2479K, committed 2560K, reserved 1048576K
Event: 1.556 GC heap after
Heap after GC invocations=1 (full 0):
 PSYoungGen      total 152576K, used 14270K [0x00000000e0000000, 0x00000000eaa00000, 0x0000000100000000)
  eden space 131072K, 0% used [0x00000000e0000000,0x00000000e0000000,0x00000000e8000000)
  from space 21504K, 66% used [0x00000000e8000000,0x00000000e8defab8,0x00000000e9500000)
  to   space 21504K, 0% used [0x00000000e9500000,0x00000000e9500000,0x00000000eaa00000)
 ParOldGen       total 348160K, used 16K [0x00000000a0000000, 0x00000000b5400000, 0x00000000e0000000)
  object space 348160K, 0% used [0x00000000a0000000,0x00000000a0004000,0x00000000b5400000)
 Metaspace       used 16554K, capacity 16926K, committed 17152K, reserved 1064960K
  class space    used 2352K, capacity 2479K, committed 2560K, reserved 1048576K
}
Event: 1.882 GC heap before
{Heap before GC invocations=2 (full 0):
 PSYoungGen      total 152576K, used 39726K [0x00000000e0000000, 0x00000000eaa00000, 0x0000000100000000)
  eden space 131072K, 19% used [0x00000000e0000000,0x00000000e18dc120,0x00000000e8000000)
  from space 21504K, 66% used [0x00000000e8000000,0x00000000e8defab8,0x00000000e9500000)
  to   space 21504K, 0% used [0x00000000e9500000,0x00000000e9500000,0x00000000eaa00000)
 ParOldGen       total 348160K, used 16K [0x00000000a0000000, 0x00000000b5400000, 0x00000000e0000000)
  object space 348160K, 0% used [0x00000000a0000000,0x00000000a0004000,0x00000000b5400000)
 Metaspace       used 20693K, capacity 21158K, committed 21248K, reserved 1067008K
  class space    used 2852K, capacity 3007K, committed 3072K, reserved 1048576K
Event: 1.889 GC heap after
Heap after GC invocations=2 (full 0):
 PSYoungGen      total 152576K, used 8770K [0x00000000e0000000, 0x00000000eaa00000, 0x0000000100000000)
  eden space 131072K, 0% used [0x00000000e0000000,0x00000000e0000000,0x00000000e8000000)
  from space 21504K, 40% used [0x00000000e9500000,0x00000000e9d90b20,0x00000000eaa00000)
  to   space 21504K, 0% used [0x00000000e8000000,0x00000000e8000000,0x00000000e9500000)
 ParOldGen       total 348160K, used 24K [0x00000000a0000000, 0x00000000b5400000, 0x00000000e0000000)
  object space 348160K, 0% used [0x00000000a0000000,0x00000000a0006000,0x00000000b5400000)
 Metaspace       used 20693K, capacity 21158K, committed 21248K, reserved 1067008K
  class space    used 2852K, capacity 3007K, committed 3072K, reserved 1048576K
}
Event: 1.889 GC heap before
{Heap before GC invocations=3 (full 1):
 PSYoungGen      total 152576K, used 8770K [0x00000000e0000000, 0x00000000eaa00000, 0x0000000100000000)
  eden space 131072K, 0% used [0x00000000e0000000,0x00000000e0000000,0x00000000e8000000)
  from space 21504K, 40% used [0x00000000e9500000,0x00000000e9d90b20,0x00000000eaa00000)
  to   space 21504K, 0% used [0x00000000e8000000,0x00000000e8000000,0x00000000e9500000)
 ParOldGen       total 348160K, used 24K [0x00000000a0000000, 0x00000000b5400000, 0x00000000e0000000)
  object space 348160K, 0% used [0x00000000a0000000,0x00000000a0006000,0x00000000b5400000)
 Metaspace       used 20693K, capacity 21158K, committed 21248K, reserved 1067008K
  class space    used 2852K, capacity 3007K, committed 3072K, reserved 1048576K
Event: 1.912 GC heap after
Heap after GC invocations=3 (full 1):
 PSYoungGen      total 152576K, used 0K [0x00000000e0000000, 0x00000000eaa00000, 0x0000000100000000)
  eden space 131072K, 0% used [0x00000000e0000000,0x00000000e0000000,0x00000000e8000000)
  from space 21504K, 0% used [0x00000000e9500000,0x00000000e9500000,0x00000000eaa00000)
  to   space 21504K, 0% used [0x00000000e8000000,0x00000000e8000000,0x00000000e9500000)
 ParOldGen       total 201216K, used 8473K [0x00000000a0000000, 0x00000000ac480000, 0x00000000e0000000)
  object space 201216K, 4% used [0x00000000a0000000,0x00000000a0846600,0x00000000ac480000)
 Metaspace       used 20693K, capacity 21158K, committed 21248K, reserved 1067008K
  class space    used 2852K, capacity 3007K, committed 3072K, reserved 1048576K
}
Event: 3.418 GC heap before
{Heap before GC invocations=4 (full 1):
 PSYoungGen      total 152576K, used 131072K [0x00000000e0000000, 0x00000000eaa00000, 0x0000000100000000)
  eden space 131072K, 100% used [0x00000000e0000000,0x00000000e8000000,0x00000000e8000000)
  from space 21504K, 0% used [0x00000000e9500000,0x00000000e9500000,0x00000000eaa00000)
  to   space 21504K, 0% used [0x00000000e8000000,0x00000000e8000000,0x00000000e9500000)
 ParOldGen       total 201216K, used 8473K [0x00000000a0000000, 0x00000000ac480000, 0x00000000e0000000)
  object space 201216K, 4% used [0x00000000a0000000,0x00000000a0846600,0x00000000ac480000)
 Metaspace       used 29693K, capacity 30222K, committed 30464K, reserved 1075200K
  class space    used 4129K, capacity 4298K, committed 4352K, reserved 1048576K
Event: 3.423 GC heap after
Heap after GC invocations=4 (full 1):
 PSYoungGen      total 152576K, used 12954K [0x00000000e0000000, 0x00000000eaa00000, 0x0000000100000000)
  eden space 131072K, 0% used [0x00000000e0000000,0x00000000e0000000,0x00000000e8000000)
  from space 21504K, 60% used [0x00000000e8000000,0x00000000e8ca69b0,0x00000000e9500000)
  to   space 21504K, 0% used [0x00000000e9500000,0x00000000e9500000,0x00000000eaa00000)
 ParOldGen       total 201216K, used 8481K [0x00000000a0000000, 0x00000000ac480000, 0x00000000e0000000)
  object space 201216K, 4% used [0x00000000a0000000,0x00000000a0848600,0x00000000ac480000)
 Metaspace       used 29693K, capacity 30222K, committed 30464K, reserved 1075200K
  class space    used 4129K, capacity 4298K, committed 4352K, reserved 1048576K
}

